#
# There is insufficient memory for the Java Runtime Environment to continue.
# Native memory allocation (malloc) failed to allocate 1303856 bytes for Chunk::new
# Possible reasons:
#   The system is out of physical RAM or swap space
#   The process is running with CompressedOops enabled, and the Java Heap may be blocking the growth of the native heap
# Possible solutions:
#   Reduce memory load on the system
#   Increase physical memory or swap space
#   Check if swap backing store is full
#   Decrease Java heap size (-Xmx/-Xms)
#   Decrease number of Java threads
#   Decrease Java thread stack sizes (-Xss)
#   Set larger code cache with -XX:ReservedCodeCacheSize=
#   JVM is running with Unscaled Compressed Oops mode in which the Java heap is
#     placed in the first 4GB address space. The Java Heap base address is the
#     maximum limit for the native heap growth. Please use -XX:HeapBaseMinAddress
#     to set the Java Heap base and to place the Java Heap above 4GB virtual address.
# This output file may be truncated or incomplete.
#
#  Out of Memory Error (allocation.cpp:389), pid=3164, tid=0x0000000000002cfc
#
# JRE version: OpenJDK Runtime Environment (8.0_212-b04) (build 1.8.0_212-release-1586-b04)
# Java VM: OpenJDK 64-Bit Server VM (25.212-b04 mixed mode windows-amd64 compressed oops)
# Failed to write core dump. Minidumps are not enabled by default on client versions of Windows
#

---------------  T H R E A D  ---------------

Current thread (0x0000000016627800):  JavaThread "C2 CompilerThread1" daemon [_thread_in_native, id=11516, stack(0x0000000017d60000,0x0000000017e60000)]

Stack: [0x0000000017d60000,0x0000000017e60000]
[error occurred during error reporting (printing stack bounds), id 0xc0000005]

Native frames: (J=compiled Java code, j=interpreted, Vv=VM code, C=native code)


Current CompileTask:
C2:1123952 18996   !   4       org.gradle.execution.plan.DefaultPlanExecutor$ExecutorWorker$2::transform (143 bytes)


---------------  P R O C E S S  ---------------

Java Threads: ( => current thread )
  0x000000001c993800 JavaThread "Cache worker for execution history cache (C:\Conestoga\Android\Individual_Project\.gradle\5.6.4\executionHistory)" [_thread_blocked, id=4752, stack(0x0000000034ec0000,0x0000000034fc0000)]
  0x000000001c992000 JavaThread "Execution worker for ':' Thread 3" [_thread_in_native, id=1884, stack(0x0000000034dc0000,0x0000000034ec0000)]
  0x0000000018e1f800 JavaThread "Execution worker for ':' Thread 2" [_thread_in_native, id=7816, stack(0x0000000034cc0000,0x0000000034dc0000)]
  0x0000000018e22000 JavaThread "Execution worker for ':'" [_thread_in_native, id=672, stack(0x0000000034bc0000,0x0000000034cc0000)]
  0x0000000018e1f000 JavaThread "Cache worker for file content cache (C:\Conestoga\Android\Individual_Project\.gradle\5.6.4\fileContent)" [_thread_blocked, id=6912, stack(0x0000000034ac0000,0x0000000034bc0000)]
  0x0000000018e17800 JavaThread "Cache worker for Build Output Cleanup Cache (C:\Conestoga\Android\Individual_Project\.gradle\buildOutputCleanup)" [_thread_blocked, id=5164, stack(0x00000000349c0000,0x0000000034ac0000)]
  0x0000000018e1e000 JavaThread "Build operations Thread 4" [_thread_blocked, id=9072, stack(0x00000000348c0000,0x00000000349c0000)]
  0x0000000018e19000 JavaThread "Build operations Thread 3" [_thread_blocked, id=11488, stack(0x00000000347c0000,0x00000000348c0000)]
  0x0000000018e16800 JavaThread "Build operations Thread 2" [_thread_blocked, id=1976, stack(0x00000000346c0000,0x00000000347c0000)]
  0x0000000018e1d800 JavaThread "Build operations" [_thread_blocked, id=12060, stack(0x00000000345c0000,0x00000000346c0000)]
  0x0000000018e16000 JavaThread "Cache worker for cache directory md-rule (C:\Users\Harsha\.gradle\caches\5.6.4\md-rule)" [_thread_blocked, id=12676, stack(0x00000000344c0000,0x00000000345c0000)]
  0x0000000018e1c800 JavaThread "Cache worker for cache directory md-supplier (C:\Users\Harsha\.gradle\caches\5.6.4\md-supplier)" [_thread_blocked, id=12108, stack(0x00000000343c0000,0x00000000344c0000)]
  0x0000000018e15000 JavaThread "Cache worker for file hash cache (C:\Conestoga\Android\Individual_Project\.gradle\5.6.4\fileHashes)" [_thread_blocked, id=7024, stack(0x00000000342c0000,0x00000000343c0000)]
  0x0000000018e1c000 JavaThread "Thread-103" [_thread_blocked, id=8056, stack(0x00000000341c0000,0x00000000342c0000)]
  0x0000000018e14800 JavaThread "Stdin handler" [_thread_blocked, id=8348, stack(0x00000000340c0000,0x00000000341c0000)]
  0x0000000018e1b000 JavaThread "Asynchronous log dispatcher for DefaultDaemonConnection: socket connection from /127.0.0.1:51130 to /127.0.0.1:51298" [_thread_in_native, id=4272, stack(0x0000000033fc0000,0x00000000340c0000)]
  0x0000000018e19800 JavaThread "Daemon worker Thread 4" [_thread_in_native, id=5200, stack(0x0000000033ec0000,0x0000000033fc0000)]
  0x0000000018e18000 JavaThread "Cancel handler" [_thread_blocked, id=8064, stack(0x0000000033dc0000,0x0000000033ec0000)]
  0x0000000018e1a800 JavaThread "Handler for socket connection from /127.0.0.1:51130 to /127.0.0.1:51298" [_thread_in_native, id=3696, stack(0x0000000033cc0000,0x0000000033dc0000)]
  0x0000000018e13800 JavaThread "Daemon Thread 4" [_thread_blocked, id=4972, stack(0x0000000033bc0000,0x0000000033cc0000)]
  0x000000001fb7d800 JavaThread "Cache worker for Java compile cache (C:\Users\Harsha\.gradle\caches\5.6.4\javaCompile)" [_thread_blocked, id=9508, stack(0x00000000319c0000,0x0000000031ac0000)]
  0x000000001c998800 JavaThread "Device List Monitor" [_thread_in_native, id=1324, stack(0x00000000253d0000,0x00000000254d0000)]
  0x000000001c99a000 JavaThread "Monitor" [_thread_in_native, id=8772, stack(0x0000000024dd0000,0x0000000024ed0000)]
  0x000000001c992800 JavaThread "Cache worker for file content cache (C:\Users\Harsha\.gradle\caches\5.6.4\fileContent)" [_thread_blocked, id=2976, stack(0x00000000243d0000,0x00000000244d0000)]
  0x000000001c98f000 JavaThread "Memory manager" [_thread_blocked, id=2860, stack(0x00000000242d0000,0x00000000243d0000)]
  0x00000000198e3800 JavaThread "Cache worker for execution history cache (C:\Users\Harsha\.gradle\caches\5.6.4\executionHistory)" [_thread_blocked, id=12752, stack(0x00000000204b0000,0x00000000205b0000)]
  0x00000000198df800 JavaThread "Cache worker for journal cache (C:\Users\Harsha\.gradle\caches\journal-1)" [_thread_blocked, id=6532, stack(0x000000001c280000,0x000000001c380000)]
  0x00000000198e4000 JavaThread "File lock request listener" [_thread_in_native, id=11584, stack(0x000000001c080000,0x000000001c180000)]
  0x0000000018745800 JavaThread "Cache worker for file hash cache (C:\Users\Harsha\.gradle\caches\5.6.4\fileHashes)" [_thread_blocked, id=11540, stack(0x000000001bf80000,0x000000001c080000)]
  0x0000000019f30800 JavaThread "Daemon periodic checks" [_thread_blocked, id=4964, stack(0x000000001b580000,0x000000001b680000)]
  0x0000000019e7e800 JavaThread "Incoming local TCP Connector on port 51130" [_thread_in_native, id=13124, stack(0x000000001b340000,0x000000001b440000)]
  0x0000000018286800 JavaThread "Daemon health stats" [_thread_blocked, id=12388, stack(0x000000001ad00000,0x000000001ae00000)]
  0x0000000017f93800 JavaThread "Service Thread" daemon [_thread_blocked, id=11836, stack(0x0000000018360000,0x0000000018460000)]
  0x000000001662d000 JavaThread "C1 CompilerThread2" daemon [_thread_blocked, id=12896, stack(0x0000000017e60000,0x0000000017f60000)]
=>0x0000000016627800 JavaThread "C2 CompilerThread1" daemon [_thread_in_native, id=11516, stack(0x0000000017d60000,0x0000000017e60000)]
  0x0000000016620000 JavaThread "C2 CompilerThread0" daemon [_thread_in_native, id=9352, stack(0x0000000017c60000,0x0000000017d60000)]
  0x000000001661d000 JavaThread "Attach Listener" daemon [_thread_blocked, id=120, stack(0x0000000017b60000,0x0000000017c60000)]
  0x000000001661c000 JavaThread "Signal Dispatcher" daemon [_thread_blocked, id=6488, stack(0x0000000017a60000,0x0000000017b60000)]
  0x0000000002cad000 JavaThread "Finalizer" daemon [_thread_blocked, id=9640, stack(0x0000000017870000,0x0000000017970000)]
  0x0000000016609000 JavaThread "Reference Handler" daemon [_thread_blocked, id=12992, stack(0x0000000017770000,0x0000000017870000)]
  0x0000000002bb2800 JavaThread "main" [_thread_blocked, id=3152, stack(0x0000000002a40000,0x0000000002b40000)]

Other Threads:
  0x00000000165e7800 VMThread [stack: 0x0000000017670000,0x0000000017770000] [id=6840]
  0x0000000017f96000 WatcherThread [stack: 0x0000000018460000,0x0000000018560000] [id=13092]

VM state:not at safepoint (normal execution)

VM Mutex/Monitor currently owned by a thread: None

heap address: 0x00000000a0000000, size: 1536 MB, Compressed Oops mode: 32-bit
Narrow klass base: 0x0000000000000000, Narrow klass shift: 3
Compressed class space size: 1073741824 Address: 0x0000000100000000

Heap:
 PSYoungGen      total 361472K, used 90327K [0x00000000e0000000, 0x00000000fbd00000, 0x0000000100000000)
  eden space 276480K, 23% used [0x00000000e0000000,0x00000000e3eefa60,0x00000000f0e00000)
  from space 84992K, 30% used [0x00000000f0e00000,0x00000000f2746298,0x00000000f6100000)
  to   space 81920K, 0% used [0x00000000f6d00000,0x00000000f6d00000,0x00000000fbd00000)
 ParOldGen       total 555520K, used 308516K [0x00000000a0000000, 0x00000000c1e80000, 0x00000000e0000000)
  object space 555520K, 55% used [0x00000000a0000000,0x00000000b2d491d8,0x00000000c1e80000)
 Metaspace       used 89134K, capacity 92910K, committed 93016K, reserved 1130496K
  class space    used 11581K, capacity 12345K, committed 12376K, reserved 1048576K

Card table byte_map: [0x0000000012070000,0x0000000012380000] byte_map_base: 0x0000000011b70000

Marking Bits: (ParMarkBitMap*) 0x000000005cc39f30
 Begin Bits: [0x0000000012980000, 0x0000000014180000)
 End Bits:   [0x0000000014180000, 0x0000000015980000)

Polling page: 0x0000000002b40000

CodeCache: size=245760Kb used=49487Kb max_used=49674Kb free=196272Kb
 bounds [0x0000000002cb0000, 0x0000000005d80000, 0x0000000011cb0000]
 total_blobs=15946 nmethods=15069 adapters=789
 compilation: enabled

Compilation events (10 events):
Event: 1123.643 Thread 0x000000001662d000 19008       1       org.gradle.api.internal.AbstractTask::getIdentityPath (8 bytes)
Event: 1123.644 Thread 0x000000001662d000 nmethod 19008 0x0000000005d48050 code [0x0000000005d481a0, 0x0000000005d482b0]
Event: 1123.656 Thread 0x000000001662d000 19009       3       org.gradle.api.internal.tasks.properties.DefaultTaskProperties$ValidationVisitor::visitInputFileProperty (27 bytes)
Event: 1123.657 Thread 0x000000001662d000 nmethod 19009 0x000000000323b3d0 code [0x000000000323b560, 0x000000000323ba08]
Event: 1123.659 Thread 0x000000001662d000 19010       3       org.gradle.api.internal.tasks.properties.DefaultFinalizingValidatingProperty::<init> (15 bytes)
Event: 1123.659 Thread 0x000000001662d000 nmethod 19010 0x00000000036daed0 code [0x00000000036db040, 0x00000000036db2b0]
Event: 1123.663 Thread 0x000000001662d000 19011       3       org.gradle.api.internal.tasks.properties.DefaultTaskProperties$3::apply (9 bytes)
Event: 1123.663 Thread 0x000000001662d000 nmethod 19011 0x0000000002e55510 code [0x0000000002e55680, 0x0000000002e559b0]
Event: 1123.665 Thread 0x000000001662d000 19012       3       org.gradle.api.internal.tasks.properties.DefaultTaskProperties$3::apply (7 bytes)
Event: 1123.666 Thread 0x000000001662d000 nmethod 19012 0x0000000003675890 code [0x0000000003675a00, 0x0000000003675bd0]

GC Heap History (10 events):
Event: 128.361 GC heap before
{Heap before GC invocations=26 (full 5):
 PSYoungGen      total 318976K, used 51409K [0x00000000e0000000, 0x00000000fcb80000, 0x0000000100000000)
  eden space 224768K, 0% used [0x00000000e0000000,0x00000000e0000000,0x00000000edb80000)
  from space 94208K, 54% used [0x00000000edb80000,0x00000000f0db4638,0x00000000f3780000)
  to   space 94208K, 0% used [0x00000000f6f80000,0x00000000f6f80000,0x00000000fcb80000)
 ParOldGen       total 329728K, used 303259K [0x00000000a0000000, 0x00000000b4200000, 0x00000000e0000000)
  object space 329728K, 91% used [0x00000000a0000000,0x00000000b2826df0,0x00000000b4200000)
 Metaspace       used 79119K, capacity 82204K, committed 83160K, reserved 1122304K
  class space    used 10320K, capacity 10966K, committed 11224K, reserved 1048576K
Event: 130.971 GC heap after
Heap after GC invocations=26 (full 5):
 PSYoungGen      total 318976K, used 0K [0x00000000e0000000, 0x00000000fcb80000, 0x0000000100000000)
  eden space 224768K, 0% used [0x00000000e0000000,0x00000000e0000000,0x00000000edb80000)
  from space 94208K, 0% used [0x00000000edb80000,0x00000000edb80000,0x00000000f3780000)
  to   space 94208K, 0% used [0x00000000f6f80000,0x00000000f6f80000,0x00000000fcb80000)
 ParOldGen       total 555520K, used 308500K [0x00000000a0000000, 0x00000000c1e80000, 0x00000000e0000000)
  object space 555520K, 55% used [0x00000000a0000000,0x00000000b2d451d8,0x00000000c1e80000)
 Metaspace       used 79119K, capacity 82204K, committed 83160K, reserved 1122304K
  class space    used 10320K, capacity 10966K, committed 11224K, reserved 1048576K
}
Event: 131.407 GC heap before
{Heap before GC invocations=27 (full 5):
 PSYoungGen      total 318976K, used 224768K [0x00000000e0000000, 0x00000000fcb80000, 0x0000000100000000)
  eden space 224768K, 100% used [0x00000000e0000000,0x00000000edb80000,0x00000000edb80000)
  from space 94208K, 0% used [0x00000000edb80000,0x00000000edb80000,0x00000000f3780000)
  to   space 94208K, 0% used [0x00000000f6f80000,0x00000000f6f80000,0x00000000fcb80000)
 ParOldGen       total 555520K, used 308500K [0x00000000a0000000, 0x00000000c1e80000, 0x00000000e0000000)
  object space 555520K, 55% used [0x00000000a0000000,0x00000000b2d451d8,0x00000000c1e80000)
 Metaspace       used 79164K, capacity 82268K, committed 83160K, reserved 1122304K
  class space    used 10320K, capacity 10966K, committed 11224K, reserved 1048576K
Event: 131.429 GC heap after
Heap after GC invocations=27 (full 5):
 PSYoungGen      total 312832K, used 22428K [0x00000000e0000000, 0x00000000fa980000, 0x0000000100000000)
  eden space 253440K, 0% used [0x00000000e0000000,0x00000000e0000000,0x00000000ef780000)
  from space 59392K, 37% used [0x00000000f6f80000,0x00000000f8567130,0x00000000fa980000)
  to   space 91136K, 0% used [0x00000000ef780000,0x00000000ef780000,0x00000000f5080000)
 ParOldGen       total 555520K, used 308500K [0x00000000a0000000, 0x00000000c1e80000, 0x00000000e0000000)
  object space 555520K, 55% used [0x00000000a0000000,0x00000000b2d451d8,0x00000000c1e80000)
 Metaspace       used 79164K, capacity 82268K, committed 83160K, reserved 1122304K
  class space    used 10320K, capacity 10966K, committed 11224K, reserved 1048576K
}
Event: 401.686 GC heap before
{Heap before GC invocations=28 (full 5):
 PSYoungGen      total 312832K, used 275868K [0x00000000e0000000, 0x00000000fa980000, 0x0000000100000000)
  eden space 253440K, 100% used [0x00000000e0000000,0x00000000ef780000,0x00000000ef780000)
  from space 59392K, 37% used [0x00000000f6f80000,0x00000000f8567130,0x00000000fa980000)
  to   space 91136K, 0% used [0x00000000ef780000,0x00000000ef780000,0x00000000f5080000)
 ParOldGen       total 555520K, used 308500K [0x00000000a0000000, 0x00000000c1e80000, 0x00000000e0000000)
  object space 555520K, 55% used [0x00000000a0000000,0x00000000b2d451d8,0x00000000c1e80000)
 Metaspace       used 82568K, capacity 85972K, committed 86104K, reserved 1124352K
  class space    used 10842K, capacity 11536K, committed 11608K, reserved 1048576K
Event: 401.734 GC heap after
Heap after GC invocations=28 (full 5):
 PSYoungGen      total 344576K, used 40035K [0x00000000e0000000, 0x00000000fbb00000, 0x0000000100000000)
  eden space 253440K, 0% used [0x00000000e0000000,0x00000000e0000000,0x00000000ef780000)
  from space 91136K, 43% used [0x00000000ef780000,0x00000000f1e98fa0,0x00000000f5080000)
  to   space 87040K, 0% used [0x00000000f6600000,0x00000000f6600000,0x00000000fbb00000)
 ParOldGen       total 555520K, used 308508K [0x00000000a0000000, 0x00000000c1e80000, 0x00000000e0000000)
  object space 555520K, 55% used [0x00000000a0000000,0x00000000b2d471d8,0x00000000c1e80000)
 Metaspace       used 82568K, capacity 85972K, committed 86104K, reserved 1124352K
  class space    used 10842K, capacity 11536K, committed 11608K, reserved 1048576K
}
Event: 407.359 GC heap before
{Heap before GC invocations=29 (full 5):
 PSYoungGen      total 344576K, used 293475K [0x00000000e0000000, 0x00000000fbb00000, 0x0000000100000000)
  eden space 253440K, 100% used [0x00000000e0000000,0x00000000ef780000,0x00000000ef780000)
  from space 91136K, 43% used [0x00000000ef780000,0x00000000f1e98fa0,0x00000000f5080000)
  to   space 87040K, 0% used [0x00000000f6600000,0x00000000f6600000,0x00000000fbb00000)
 ParOldGen       total 555520K, used 308508K [0x00000000a0000000, 0x00000000c1e80000, 0x00000000e0000000)
  object space 555520K, 55% used [0x00000000a0000000,0x00000000b2d471d8,0x00000000c1e80000)
 Metaspace       used 88512K, capacity 92056K, committed 92248K, reserved 1128448K
  class space    used 11537K, capacity 12268K, committed 12376K, reserved 1048576K
Event: 407.432 GC heap after
Heap after GC invocations=29 (full 5):
 PSYoungGen      total 356352K, used 43318K [0x00000000e0000000, 0x00000000fb400000, 0x0000000100000000)
  eden space 276480K, 0% used [0x00000000e0000000,0x00000000e0000000,0x00000000f0e00000)
  from space 79872K, 54% used [0x00000000f6600000,0x00000000f904dbf8,0x00000000fb400000)
  to   space 84992K, 0% used [0x00000000f0e00000,0x00000000f0e00000,0x00000000f6100000)
 ParOldGen       total 555520K, used 308508K [0x00000000a0000000, 0x00000000c1e80000, 0x00000000e0000000)
  object space 555520K, 55% used [0x00000000a0000000,0x00000000b2d471d8,0x00000000c1e80000)
 Metaspace       used 88512K, capacity 92056K, committed 92248K, reserved 1128448K
  class space    used 11537K, capacity 12268K, committed 12376K, reserved 1048576K
}
Event: 1122.869 GC heap before
{Heap before GC invocations=30 (full 5):
 PSYoungGen      total 356352K, used 319798K [0x00000000e0000000, 0x00000000fb400000, 0x0000000100000000)
  eden space 276480K, 100% used [0x00000000e0000000,0x00000000f0e00000,0x00000000f0e00000)
  from space 79872K, 54% used [0x00000000f6600000,0x00000000f904dbf8,0x00000000fb400000)
  to   space 84992K, 0% used [0x00000000f0e00000,0x00000000f0e00000,0x00000000f6100000)
 ParOldGen       total 555520K, used 308508K [0x00000000a0000000, 0x00000000c1e80000, 0x00000000e0000000)
  object space 555520K, 55% used [0x00000000a0000000,0x00000000b2d471d8,0x00000000c1e80000)
 Metaspace       used 89130K, capacity 92910K, committed 93016K, reserved 1130496K
  class space    used 11581K, capacity 12345K, committed 12376K, reserved 1048576K
Event: 1122.930 GC heap after
Heap after GC invocations=30 (full 5):
 PSYoungGen      total 361472K, used 25880K [0x00000000e0000000, 0x00000000fbd00000, 0x0000000100000000)
  eden space 276480K, 0% used [0x00000000e0000000,0x00000000e0000000,0x00000000f0e00000)
  from space 84992K, 30% used [0x00000000f0e00000,0x00000000f2746298,0x00000000f6100000)
  to   space 81920K, 0% used [0x00000000f6d00000,0x00000000f6d00000,0x00000000fbd00000)
 ParOldGen       total 555520K, used 308516K [0x00000000a0000000, 0x00000000c1e80000, 0x00000000e0000000)
  object space 555520K, 55% used [0x00000000a0000000,0x00000000b2d491d8,0x00000000c1e80000)
 Metaspace       used 89130K, capacity 92910K, committed 93016K, reserved 1130496K
  class space    used 11581K, capacity 12345K, committed 12376K, reserved 1048576K
}

Deoptimization events (10 events):
Event: 407.987 Thread 0x0000000018e17800 Uncommon trap: reason=bimorphic action=maybe_recompile pc=0x00000000052e0bac method=java.util.stream.ReferencePipeline.forEachWithCancel(Ljava/util/Spliterator;Ljava/util/stream/Sink;)V @ 1
Event: 447.858 Thread 0x000000001fb79000 Uncommon trap: reason=class_check action=maybe_recompile pc=0x0000000005337560 method=java.lang.reflect.Array.newInstance(Ljava/lang/Class;I)Ljava/lang/Object; @ 2
Event: 447.948 Thread 0x0000000018e17800 Uncommon trap: reason=bimorphic action=maybe_recompile pc=0x0000000003484750 method=org.gradle.api.internal.attributes.DefaultImmutableAttributes.get()Ljava/lang/Object; @ 4
Event: 447.948 Thread 0x0000000018e17800 Uncommon trap: reason=bimorphic action=maybe_recompile pc=0x00000000042aab3c method=org.gradle.api.internal.attributes.DefaultAttributesSchema$MergedSchema.matchValue(Lorg/gradle/api/attributes/Attribute;Ljava/lang/Object;Ljava/lang/Object;)Z @ 2
Event: 449.362 Thread 0x0000000018e17800 Uncommon trap: reason=null_check action=make_not_entrant pc=0x00000000046243c8 method=com.google.common.collect.MapMakerInternalMap$Segment.reclaimKey(Lcom/google/common/collect/MapMakerInternalMap$InternalEntry;I)Z @ 35
Event: 449.362 Thread 0x0000000018e17800 Uncommon trap: reason=null_check action=make_not_entrant pc=0x000000000464eb34 method=com.google.common.collect.MapMakerInternalMap$Segment.reclaimKey(Lcom/google/common/collect/MapMakerInternalMap$InternalEntry;I)Z @ 35
Event: 1122.026 Thread 0x0000000018e1a800 Uncommon trap: reason=class_check action=maybe_recompile pc=0x0000000005337560 method=java.lang.reflect.Array.newInstance(Ljava/lang/Class;I)Ljava/lang/Object; @ 2
Event: 1122.088 Thread 0x0000000018e19800 Uncommon trap: reason=bimorphic action=maybe_recompile pc=0x0000000003484750 method=org.gradle.api.internal.attributes.DefaultImmutableAttributes.get()Ljava/lang/Object; @ 4
Event: 1122.088 Thread 0x0000000018e19800 Uncommon trap: reason=bimorphic action=maybe_recompile pc=0x00000000042aab3c method=org.gradle.api.internal.attributes.DefaultAttributesSchema$MergedSchema.matchValue(Lorg/gradle/api/attributes/Attribute;Ljava/lang/Object;Ljava/lang/Object;)Z @ 2
Event: 1122.792 Thread 0x0000000018e1b000 Uncommon trap: reason=unstable_if action=reinterpret pc=0x0000000003f22f30 method=com.esotericsoftware.kryo.io.Output.writeVarLong(JZ)I @ 55

Classes redefined (0 events):
No events

Internal exceptions (10 events):
Event: 404.859 Thread 0x0000000018e17800 Implicit null exception at 0x00000000050f5e2f to 0x00000000050f6445
Event: 407.055 Thread 0x000000001fb7a800 Exception <a 'sun/nio/fs/WindowsException'> (0x00000000edc18538) thrown at [D:\src\AOSP-openjdk-cygwin\jdk8u\hotspot\src\share\vm\prims\jni.cpp, line 710]
Event: 407.104 Thread 0x000000001fb7a800 Exception <a 'sun/nio/fs/WindowsException'> (0x00000000edda66d0) thrown at [D:\src\AOSP-openjdk-cygwin\jdk8u\hotspot\src\share\vm\prims\jni.cpp, line 710]
Event: 407.302 Thread 0x000000001fb7c000 Exception <a 'sun/nio/fs/WindowsException'> (0x00000000ee8560a0) thrown at [D:\src\AOSP-openjdk-cygwin\jdk8u\hotspot\src\share\vm\prims\jni.cpp, line 710]
Event: 407.634 Thread 0x000000001fb82800 Exception <a 'sun/nio/fs/WindowsException'> (0x00000000e0ab5628) thrown at [D:\src\AOSP-openjdk-cygwin\jdk8u\hotspot\src\share\vm\prims\jni.cpp, line 710]
Event: 407.659 Thread 0x0000000018e1e000 Implicit null exception at 0x00000000045d9041 to 0x00000000045da99d
Event: 408.002 Thread 0x0000000018e17800 Exception <a 'sun/nio/fs/WindowsException'> (0x00000000e1390008) thrown at [D:\src\AOSP-openjdk-cygwin\jdk8u\hotspot\src\share\vm\prims\jni.cpp, line 710]
Event: 449.362 Thread 0x0000000018e17800 Implicit null exception at 0x0000000004622136 to 0x0000000004624391
Event: 449.362 Thread 0x0000000018e17800 Implicit null exception at 0x000000000464c763 to 0x000000000464eaed
Event: 450.428 Thread 0x0000000018e17800 Exception <a 'sun/nio/fs/WindowsException'> (0x00000000ec786a98) thrown at [D:\src\AOSP-openjdk-cygwin\jdk8u\hotspot\src\share\vm\prims\jni.cpp, line 710]

Events (10 events):
Event: 1123.667 Thread 0x000000001662d000 flushing nmethod 0x0000000003d51490
Event: 1123.667 Thread 0x000000001662d000 flushing nmethod 0x0000000003d75710
Event: 1123.667 Thread 0x000000001662d000 flushing nmethod 0x0000000003d79490
Event: 1123.667 Thread 0x000000001662d000 flushing nmethod 0x0000000003da8f10
Event: 1123.668 Thread 0x000000001662d000 flushing nmethod 0x0000000003de7590
Event: 1123.668 Thread 0x000000001662d000 flushing nmethod 0x0000000003e21150
Event: 1123.668 Thread 0x000000001662d000 flushing nmethod 0x0000000003e255d0
Event: 1123.668 Thread 0x000000001662d000 flushing nmethod 0x0000000003e54bd0
Event: 1123.668 Thread 0x000000001662d000 flushing nmethod 0x0000000003e5a410
Event: 1123.668 Thread 0x000000001662d000 flushing nmethod 0x0000000003ec7350


Dynamic libraries:
0x00007ff611c10000 - 0x00007ff611c41000 	C:\Program Files\Android\Android Studio\jre\bin\java.exe
0x00007ffff83d0000 - 0x00007ffff85b1000 	C:\WINDOWS\SYSTEM32\ntdll.dll
0x00007ffff82e0000 - 0x00007ffff8391000 	C:\WINDOWS\System32\KERNEL32.DLL
0x00007ffff4950000 - 0x00007ffff4bc3000 	C:\WINDOWS\System32\KERNELBASE.dll
0x00007ffff5970000 - 0x00007ffff5a11000 	C:\WINDOWS\System32\ADVAPI32.dll
0x00007ffff5860000 - 0x00007ffff58fe000 	C:\WINDOWS\System32\msvcrt.dll
0x00007ffff5cc0000 - 0x00007ffff5d1b000 	C:\WINDOWS\System32\sechost.dll
0x00007ffff5d80000 - 0x00007ffff5ea4000 	C:\WINDOWS\System32\RPCRT4.dll
0x00007ffff64e0000 - 0x00007ffff6670000 	C:\WINDOWS\System32\USER32.dll
0x00007ffff4eb0000 - 0x00007ffff4ed0000 	C:\WINDOWS\System32\win32u.dll
0x00007ffff6d10000 - 0x00007ffff6d38000 	C:\WINDOWS\System32\GDI32.dll
0x00007ffff4fb0000 - 0x00007ffff5141000 	C:\WINDOWS\System32\gdi32full.dll
0x00007ffff4bd0000 - 0x00007ffff4c6f000 	C:\WINDOWS\System32\msvcp_win.dll
0x00007ffff4850000 - 0x00007ffff4948000 	C:\WINDOWS\System32\ucrtbase.dll
0x00007fffe5b50000 - 0x00007fffe5db9000 	C:\WINDOWS\WinSxS\amd64_microsoft.windows.common-controls_6595b64144ccf1df_6.0.17134.950_none_fb3da4273069d3e0\COMCTL32.dll
0x00007ffff6770000 - 0x00007ffff6a92000 	C:\WINDOWS\System32\combase.dll
0x00007ffff4f30000 - 0x00007ffff4fa9000 	C:\WINDOWS\System32\bcryptPrimitives.dll
0x00007ffff5c90000 - 0x00007ffff5cbd000 	C:\WINDOWS\System32\IMM32.DLL
0x000000005c390000 - 0x000000005c462000 	C:\Program Files\Android\Android Studio\jre\jre\bin\msvcr100.dll
0x000000005c470000 - 0x000000005ccb6000 	C:\Program Files\Android\Android Studio\jre\jre\bin\server\jvm.dll
0x00007ffff8230000 - 0x00007ffff8238000 	C:\WINDOWS\System32\PSAPI.DLL
0x00007fffe4920000 - 0x00007fffe492a000 	C:\WINDOWS\SYSTEM32\VERSION.dll
0x00007ffff32b0000 - 0x00007ffff32b9000 	C:\WINDOWS\SYSTEM32\WSOCK32.dll
0x00007ffff2480000 - 0x00007ffff24a3000 	C:\WINDOWS\SYSTEM32\WINMM.dll
0x00007ffff5a20000 - 0x00007ffff5a8c000 	C:\WINDOWS\System32\WS2_32.dll
0x00007ffff2370000 - 0x00007ffff239a000 	C:\WINDOWS\SYSTEM32\winmmbase.dll
0x00007ffff4e60000 - 0x00007ffff4ea9000 	C:\WINDOWS\System32\cfgmgr32.dll
0x00007fffeffd0000 - 0x00007fffeffdf000 	C:\Program Files\Android\Android Studio\jre\jre\bin\verify.dll
0x00007fffe56c0000 - 0x00007fffe56e9000 	C:\Program Files\Android\Android Studio\jre\jre\bin\java.dll
0x00007fffe81f0000 - 0x00007fffe8206000 	C:\Program Files\Android\Android Studio\jre\jre\bin\zip.dll
0x00007ffff6d40000 - 0x00007ffff8180000 	C:\WINDOWS\System32\SHELL32.dll
0x00007ffff8180000 - 0x00007ffff8229000 	C:\WINDOWS\System32\shcore.dll
0x00007ffff5150000 - 0x00007ffff585d000 	C:\WINDOWS\System32\windows.storage.dll
0x00007ffff5a90000 - 0x00007ffff5ae1000 	C:\WINDOWS\System32\shlwapi.dll
0x00007ffff46e0000 - 0x00007ffff46f1000 	C:\WINDOWS\System32\kernel.appcore.dll
0x00007ffff4760000 - 0x00007ffff477f000 	C:\WINDOWS\System32\profapi.dll
0x00007ffff4700000 - 0x00007ffff474c000 	C:\WINDOWS\System32\powrprof.dll
0x00007ffff4750000 - 0x00007ffff475a000 	C:\WINDOWS\System32\FLTLIB.DLL
0x00007fffe7ab0000 - 0x00007fffe7aca000 	C:\Program Files\Android\Android Studio\jre\jre\bin\net.dll
0x00007fffe4620000 - 0x00007fffe47e9000 	C:\WINDOWS\SYSTEM32\urlmon.dll
0x00007fffe5ec0000 - 0x00007fffe6166000 	C:\WINDOWS\SYSTEM32\iertutil.dll
0x00007ffff40d0000 - 0x00007ffff40db000 	C:\WINDOWS\SYSTEM32\CRYPTBASE.DLL
0x00007ffff3f00000 - 0x00007ffff3f66000 	C:\WINDOWS\system32\mswsock.dll
0x00007fffe7a60000 - 0x00007fffe7a73000 	C:\Program Files\Android\Android Studio\jre\jre\bin\nio.dll
0x00007fffe0320000 - 0x00007fffe0346000 	C:\Users\Harsha\.gradle\native\30\windows-amd64\native-platform.dll
0x00007fffeffa0000 - 0x00007fffeffad000 	C:\Program Files\Android\Android Studio\jre\jre\bin\management.dll
0x00007ffff40b0000 - 0x00007ffff40c7000 	C:\WINDOWS\SYSTEM32\CRYPTSP.dll
0x00007ffff3ab0000 - 0x00007ffff3ae3000 	C:\WINDOWS\system32\rsaenh.dll
0x00007ffff41e0000 - 0x00007ffff4205000 	C:\WINDOWS\SYSTEM32\bcrypt.dll
0x00007ffff45e0000 - 0x00007ffff4608000 	C:\WINDOWS\SYSTEM32\USERENV.dll
0x00007ffff3c50000 - 0x00007ffff3c88000 	C:\WINDOWS\SYSTEM32\IPHLPAPI.DLL
0x00007ffff6670000 - 0x00007ffff6678000 	C:\WINDOWS\System32\NSI.dll
0x00007fffeb5b0000 - 0x00007fffeb5c6000 	C:\WINDOWS\SYSTEM32\dhcpcsvc6.DLL
0x00007fffeb590000 - 0x00007fffeb5aa000 	C:\WINDOWS\SYSTEM32\dhcpcsvc.DLL

VM Arguments:
jvm_args: -Xmx1536m -Dfile.encoding=windows-1252 -Duser.country=IN -Duser.language=en -Duser.variant 
java_command: org.gradle.launcher.daemon.bootstrap.GradleDaemon 5.6.4
java_class_path (initial): C:\Users\Harsha\.gradle\wrapper\dists\gradle-5.6.4-all\ankdp27end7byghfw1q2sw75f\gradle-5.6.4\lib\gradle-launcher-5.6.4.jar
Launcher Type: SUN_STANDARD

Environment Variables:
JAVA_HOME=C:\Program Files\Java\jdk1.8.0_102
PATH=C:\Program Files (x86)\Intel\iCLS Client\;C:\oraclexe\app\oracle\product\11.2.0\server\bin;C:\Program Files\Intel\iCLS Client\;C:\WINDOWS\system32;C:\WINDOWS;C:\WINDOWS\System32\Wbem;C:\WINDOWS\System32\WindowsPowerShell\v1.0\;C:\Program Files (x86)\Intel\Intel(R) Management Engine Components\DAL;C:\Program Files\Intel\Intel(R) Management Engine Components\DAL;C:\Program Files (x86)\Intel\Intel(R) Management Engine Components\IPT;C:\Program Files\Intel\Intel(R) Management Engine Components\IPT;C:\Program Files\Intel\IntelSGXPSW\bin\x64\Release\;C:\Program Files\Intel\IntelSGXPSW\bin\win32\Release\;C:\Program Files\Hewlett-Packard\SimplePass\;C:\Program Files\Java\jdk1.8.0_102\ bin;E:\softwares\apache-maven-3.3.9\bin;C:\Python36\;C:\Program Files (x86)\Brackets\command;C:\Program Files (x86)\Skype\Phone\;C:\Program Files\Git\cmd;C:\Program Files\Microsoft VS Code\bin;C:\Android;C:\Windows\System32;C:\WINDOWS\System32\OpenSSH\;C:\Program Files\Intel\WiFi\bin\;C:\Program Files\Common Files\Intel\WirelessCommon\;C:\Program Files\nodejs\;C:\Program Files\Microsoft SQL Server\Client SDK\ODBC\130\Tools\Binn\;C:\Program Files (x86)\Microsoft SQL Server\140\Tools\Binn\;C:\Program Files\Microsoft SQL Server\140\Tools\Binn\;C:\Program Files\Microsoft SQL Server\140\DTS\Binn\;C:\Program Files\dotnet\;C:\Program Files\Microsoft SQL Server\130\Tools\Binn\;C:\Program Files\Microsoft SQL Server\Client SDK\ODBC\170\Tools\Binn\;C:\xampp\php;C:\ProgramData\ComposerSetup\bin;C:\Program Files\Java\jdk1.8.0_102\bin;C:\Users\Harsha\AppData\Local\Microsoft\WindowsApps;C:\ProgramData\Harsha\atom\bin;C:\Users\Harsha\AppData\Local\atom\bin;C:\Users\Harsha\AppData\Local\Microsoft\WindowsApps;C:\Users\Harsha\AppData\Roaming\npm;C:\Program Files\heroku\bin;C:\Users\Harsha\AppData\Roaming\Composer\vendor\bin;%DASHLANE_DLL_DIR%;C:\Program Files\Docker Toolbox;C:\Users\Harsha\AppData\Local\Programs\Microsoft VS Code\bin
USERNAME=Harsha
OS=Windows_NT
PROCESSOR_IDENTIFIER=Intel64 Family 6 Model 78 Stepping 3, GenuineIntel



---------------  S Y S T E M  ---------------

OS: Windows 10.0 , 64 bit Build 17134 (10.0.17134.753)

CPU:total 4 (initial active 4) (2 cores per cpu, 2 threads per core) family 6 model 78 stepping 3, cmov, cx8, fxsr, mmx, sse, sse2, sse3, ssse3, sse4.1, sse4.2, popcnt, avx, avx2, aes, clmul, erms, 3dnowpref, lzcnt, ht, tsc, tscinvbit, bmi1, bmi2, adx

Memory: 4k page, physical 8284576k(655172k free), swap 10361240k(5748k free)

vm_info: OpenJDK 64-Bit Server VM (25.212-b04) for windows-amd64 JRE (1.8.0_212-release-1586-b04), built by "builder" with MS VC++ 10.0 (VS2010)

time: Thu Apr 16 11:28:17 2020
timezone: Eastern Daylight Time
elapsed time: 1123 seconds (0d 0h 18m 43s)

