#
# There is insufficient memory for the Java Runtime Environment to continue.
# Native memory allocation (malloc) failed to allocate 1202576 bytes for Chunk::new
# Possible reasons:
#   The system is out of physical RAM or swap space
#   The process is running with CompressedOops enabled, and the Java Heap may be blocking the growth of the native heap
# Possible solutions:
#   Reduce memory load on the system
#   Increase physical memory or swap space
#   Check if swap backing store is full
#   Decrease Java heap size (-Xmx/-Xms)
#   Decrease number of Java threads
#   Decrease Java thread stack sizes (-Xss)
#   Set larger code cache with -XX:ReservedCodeCacheSize=
#   JVM is running with Unscaled Compressed Oops mode in which the Java heap is
#     placed in the first 4GB address space. The Java Heap base address is the
#     maximum limit for the native heap growth. Please use -XX:HeapBaseMinAddress
#     to set the Java Heap base and to place the Java Heap above 4GB virtual address.
# This output file may be truncated or incomplete.
#
#  Out of Memory Error (allocation.cpp:389), pid=12496, tid=0x00000000000027e4
#
# JRE version: OpenJDK Runtime Environment (8.0_212-b04) (build 1.8.0_212-release-1586-b04)
# Java VM: OpenJDK 64-Bit Server VM (25.212-b04 mixed mode windows-amd64 compressed oops)
# Failed to write core dump. Minidumps are not enabled by default on client versions of Windows
#

---------------  T H R E A D  ---------------

Current thread (0x0000000016075800):  JavaThread "C2 CompilerThread1" daemon [_thread_in_native, id=10212, stack(0x00000000177c0000,0x00000000178c0000)]

Stack: [0x00000000177c0000,0x00000000178c0000]
[error occurred during error reporting (printing stack bounds), id 0xc0000005]

Native frames: (J=compiled Java code, j=interpreted, Vv=VM code, C=native code)


Current CompileTask:
C2:1007673 19363       4       com.android.builder.symbols.BytecodeRClassWriterKt::generateResourceTypeClass (595 bytes)


---------------  P R O C E S S  ---------------

Java Threads: ( => current thread )
  0x000000001d98b800 JavaThread "WorkerExecutor Queue Thread 2" [_thread_blocked, id=4360, stack(0x0000000034cc0000,0x0000000034dc0000)]
  0x000000001d988800 JavaThread "stdout" [_thread_in_native, id=12964, stack(0x0000000034bc0000,0x0000000034cc0000)]
  0x000000001d98a800 JavaThread "stderr" [_thread_in_native, id=5896, stack(0x0000000034ac0000,0x0000000034bc0000)]
  0x000000001d935800 JavaThread "pool-10-thread-1" [_thread_blocked, id=13168, stack(0x00000000349c0000,0x0000000034ac0000)]
  0x000000001d934800 JavaThread "WorkerExecutor Queue" [_thread_blocked, id=9296, stack(0x00000000348c0000,0x00000000349c0000)]
  0x000000001d934000 JavaThread "Cache worker for execution history cache (C:\Conestoga\Android\Individual_Project\.gradle\5.6.4\executionHistory)" [_thread_blocked, id=4268, stack(0x00000000347c0000,0x00000000348c0000)]
  0x000000001d937800 JavaThread "Execution worker for ':' Thread 3" [_thread_in_Java, id=12680, stack(0x00000000346c0000,0x00000000347c0000)]
  0x000000001d931800 JavaThread "Execution worker for ':' Thread 2" [_thread_blocked, id=9636, stack(0x00000000345c0000,0x00000000346c0000)]
  0x000000001d932800 JavaThread "Execution worker for ':'" [_thread_blocked, id=5712, stack(0x00000000344c0000,0x00000000345c0000)]
  0x000000001d929000 JavaThread "Cache worker for file content cache (C:\Conestoga\Android\Individual_Project\.gradle\5.6.4\fileContent)" [_thread_blocked, id=2324, stack(0x00000000343c0000,0x00000000344c0000)]
  0x000000001d92b800 JavaThread "Cache worker for Build Output Cleanup Cache (C:\Conestoga\Android\Individual_Project\.gradle\buildOutputCleanup)" [_thread_blocked, id=8104, stack(0x00000000342c0000,0x00000000343c0000)]
  0x000000001d928800 JavaThread "Build operations Thread 4" [_thread_blocked, id=6492, stack(0x00000000341c0000,0x00000000342c0000)]
  0x000000001d92f800 JavaThread "Build operations Thread 3" [_thread_blocked, id=11032, stack(0x00000000340c0000,0x00000000341c0000)]
  0x000000001ec80800 JavaThread "Build operations Thread 2" [_thread_blocked, id=11852, stack(0x0000000033fc0000,0x00000000340c0000)]
  0x000000001ec86000 JavaThread "Build operations" [_thread_blocked, id=12424, stack(0x0000000033ec0000,0x0000000033fc0000)]
  0x000000001ec83000 JavaThread "Cache worker for cache directory md-rule (C:\Users\Harsha\.gradle\caches\5.6.4\md-rule)" [_thread_blocked, id=3812, stack(0x0000000033dc0000,0x0000000033ec0000)]
  0x000000001ec84800 JavaThread "Cache worker for cache directory md-supplier (C:\Users\Harsha\.gradle\caches\5.6.4\md-supplier)" [_thread_blocked, id=12176, stack(0x0000000033cc0000,0x0000000033dc0000)]
  0x000000001ec81800 JavaThread "Cache worker for file hash cache (C:\Conestoga\Android\Individual_Project\.gradle\5.6.4\fileHashes)" [_thread_blocked, id=3976, stack(0x0000000033bc0000,0x0000000033cc0000)]
  0x000000001ec79000 JavaThread "Thread-108" [_thread_blocked, id=9132, stack(0x0000000033ac0000,0x0000000033bc0000)]
  0x000000001ec78800 JavaThread "Stdin handler" [_thread_blocked, id=8008, stack(0x00000000339c0000,0x0000000033ac0000)]
  0x000000001ec7c000 JavaThread "Asynchronous log dispatcher for DefaultDaemonConnection: socket connection from /127.0.0.1:51163 to /127.0.0.1:51422" [_thread_blocked, id=6464, stack(0x00000000338c0000,0x00000000339c0000)]
  0x000000001ec7d000 JavaThread "Daemon worker Thread 4" [_thread_blocked, id=11376, stack(0x00000000337c0000,0x00000000338c0000)]
  0x000000001ec7b800 JavaThread "Cancel handler" [_thread_blocked, id=5476, stack(0x00000000336c0000,0x00000000337c0000)]
  0x000000001ec7f000 JavaThread "Handler for socket connection from /127.0.0.1:51163 to /127.0.0.1:51422" [_thread_in_native, id=12796, stack(0x00000000335c0000,0x00000000336c0000)]
  0x000000001ec7e800 JavaThread "Daemon Thread 4" [_thread_blocked, id=11864, stack(0x00000000334c0000,0x00000000335c0000)]
  0x000000001ec7a800 JavaThread "Cache worker for Java compile cache (C:\Users\Harsha\.gradle\caches\5.6.4\javaCompile)" [_thread_blocked, id=3496, stack(0x0000000029670000,0x0000000029770000)]
  0x000000001d930000 JavaThread "Cache worker for file content cache (C:\Users\Harsha\.gradle\caches\5.6.4\fileContent)" [_thread_blocked, id=12580, stack(0x00000000229b0000,0x0000000022ab0000)]
  0x000000001d931000 JavaThread "Memory manager" [_thread_blocked, id=6740, stack(0x00000000228b0000,0x00000000229b0000)]
  0x000000001d92d000 JavaThread "Cache worker for execution history cache (C:\Users\Harsha\.gradle\caches\5.6.4\executionHistory)" [_thread_blocked, id=11604, stack(0x00000000201f0000,0x00000000202f0000)]
  0x0000000018b68800 JavaThread "Cache worker for journal cache (C:\Users\Harsha\.gradle\caches\journal-1)" [_thread_blocked, id=9272, stack(0x000000001bee0000,0x000000001bfe0000)]
  0x0000000018b68000 JavaThread "File lock request listener" [_thread_in_native, id=12924, stack(0x000000001bce0000,0x000000001bde0000)]
  0x0000000018b6a000 JavaThread "Cache worker for file hash cache (C:\Users\Harsha\.gradle\caches\5.6.4\fileHashes)" [_thread_blocked, id=8680, stack(0x000000001b9e0000,0x000000001bae0000)]
  0x0000000018064800 JavaThread "Daemon periodic checks" [_thread_blocked, id=13180, stack(0x000000001afe0000,0x000000001b0e0000)]
  0x0000000019785800 JavaThread "Incoming local TCP Connector on port 51163" [_thread_in_native, id=9108, stack(0x000000001ada0000,0x000000001aea0000)]
  0x0000000017d87000 JavaThread "Daemon health stats" [_thread_blocked, id=5568, stack(0x0000000019790000,0x0000000019890000)]
  0x00000000179ca800 JavaThread "Service Thread" daemon [_thread_blocked, id=5012, stack(0x0000000017dc0000,0x0000000017ec0000)]
  0x000000001607c000 JavaThread "C1 CompilerThread2" daemon [_thread_blocked, id=12504, stack(0x00000000178c0000,0x00000000179c0000)]
=>0x0000000016075800 JavaThread "C2 CompilerThread1" daemon [_thread_in_native, id=10212, stack(0x00000000177c0000,0x00000000178c0000)]
  0x000000001606e800 JavaThread "C2 CompilerThread0" daemon [_thread_in_native, id=2508, stack(0x00000000176c0000,0x00000000177c0000)]
  0x000000001606c000 JavaThread "Attach Listener" daemon [_thread_blocked, id=5644, stack(0x00000000175c0000,0x00000000176c0000)]
  0x000000001606a800 JavaThread "Signal Dispatcher" daemon [_thread_blocked, id=664, stack(0x00000000174c0000,0x00000000175c0000)]
  0x00000000026fc000 JavaThread "Finalizer" daemon [_thread_blocked, id=4972, stack(0x00000000172d0000,0x00000000173d0000)]
  0x0000000016059000 JavaThread "Reference Handler" daemon [_thread_blocked, id=1668, stack(0x00000000171d0000,0x00000000172d0000)]
  0x0000000002602800 JavaThread "main" [_thread_blocked, id=2080, stack(0x0000000002500000,0x0000000002600000)]

Other Threads:
  0x0000000016037800 VMThread [stack: 0x00000000170d0000,0x00000000171d0000] [id=12380]
  0x00000000160ce800 WatcherThread [stack: 0x0000000017ec0000,0x0000000017fc0000] [id=10512]

VM state:not at safepoint (normal execution)

VM Mutex/Monitor currently owned by a thread: None

heap address: 0x00000000a0000000, size: 1536 MB, Compressed Oops mode: 32-bit
Narrow klass base: 0x0000000000000000, Narrow klass shift: 3
Compressed class space size: 1073741824 Address: 0x0000000100000000

Heap:
 PSYoungGen      total 272384K, used 215438K [0x00000000e0000000, 0x00000000f4480000, 0x0000000100000000)
  eden space 248320K, 77% used [0x00000000e0000000,0x00000000ebb43a60,0x00000000ef280000)
  from space 24064K, 98% used [0x00000000efb80000,0x00000000f12a0168,0x00000000f1300000)
  to   space 41984K, 0% used [0x00000000f1b80000,0x00000000f1b80000,0x00000000f4480000)
 ParOldGen       total 143360K, used 103491K [0x00000000a0000000, 0x00000000a8c00000, 0x00000000e0000000)
  object space 143360K, 72% used [0x00000000a0000000,0x00000000a6510c88,0x00000000a8c00000)
 Metaspace       used 89727K, capacity 93966K, committed 94208K, reserved 1130496K
  class space    used 11637K, capacity 12465K, committed 12544K, reserved 1048576K

Card table byte_map: [0x0000000011ac0000,0x0000000011dd0000] byte_map_base: 0x00000000115c0000

Marking Bits: (ParMarkBitMap*) 0x0000000056389f30
 Begin Bits: [0x00000000123d0000, 0x0000000013bd0000)
 End Bits:   [0x0000000013bd0000, 0x00000000153d0000)

Polling page: 0x0000000000c40000

CodeCache: size=245760Kb used=55775Kb max_used=55786Kb free=189984Kb
 bounds [0x0000000002700000, 0x0000000005dd0000, 0x0000000011700000]
 total_blobs=16346 nmethods=15473 adapters=783
 compilation: enabled

Compilation events (10 events):
Event: 1007.534 Thread 0x000000001606e800 19413       4       org.gradle.api.internal.artifacts.transform.DefaultTransformerInvoker$TransformerExecution::<init> (103 bytes)
Event: 1007.541 Thread 0x000000001606e800 nmethod 19413 0x0000000005dbc0d0 code [0x0000000005dbc240, 0x0000000005dbc538]
Event: 1007.541 Thread 0x000000001606e800 19414       4       com.google.common.collect.Maps$IteratorBasedAbstractMap::entrySet (9 bytes)
Event: 1007.543 Thread 0x000000001606e800 nmethod 19414 0x0000000005da2d50 code [0x0000000005da2ea0, 0x0000000005da2f78]
Event: 1007.549 Thread 0x000000001606e800 19415       4       com.google.common.collect.Maps$TransformedEntriesSortedMap::comparator (10 bytes)
Event: 1007.551 Thread 0x000000001606e800 nmethod 19415 0x0000000005dabb90 code [0x0000000005dabce0, 0x0000000005dabdd8]
Event: 1007.551 Thread 0x000000001606e800 19416       4       com.google.common.collect.Maps$IteratorBasedAbstractMap$1::iterator (8 bytes)
Event: 1007.564 Thread 0x000000001606e800 nmethod 19416 0x0000000005dac4d0 code [0x0000000005dac6a0, 0x0000000005dacc78]
Event: 1007.564 Thread 0x000000001606e800 19417       4       com.google.common.collect.Maps$TransformedEntriesMap::size (10 bytes)
Event: 1007.565 Thread 0x000000001606e800 nmethod 19417 0x0000000005dbbd10 code [0x0000000005dbbe60, 0x0000000005dbbf18]

GC Heap History (10 events):
Event: 66.486 GC heap before
{Heap before GC invocations=20 (full 3):
 PSYoungGen      total 241152K, used 241143K [0x00000000e0000000, 0x00000000f2d80000, 0x0000000100000000)
  eden space 208896K, 100% used [0x00000000e0000000,0x00000000ecc00000,0x00000000ecc00000)
  from space 32256K, 99% used [0x00000000ef700000,0x00000000f167dda0,0x00000000f1680000)
  to   space 44032K, 0% used [0x00000000ecc00000,0x00000000ecc00000,0x00000000ef700000)
 ParOldGen       total 143360K, used 75324K [0x00000000a0000000, 0x00000000a8c00000, 0x00000000e0000000)
  object space 143360K, 52% used [0x00000000a0000000,0x00000000a498f2c8,0x00000000a8c00000)
 Metaspace       used 83523K, capacity 87022K, committed 87168K, reserved 1124352K
  class space    used 11167K, capacity 11887K, committed 11904K, reserved 1048576K
Event: 66.799 GC heap after
Heap after GC invocations=20 (full 3):
 PSYoungGen      total 252928K, used 8499K [0x00000000e0000000, 0x00000000f4000000, 0x0000000100000000)
  eden space 208896K, 0% used [0x00000000e0000000,0x00000000e0000000,0x00000000ecc00000)
  from space 44032K, 19% used [0x00000000ecc00000,0x00000000ed44cf58,0x00000000ef700000)
  to   space 43008K, 0% used [0x00000000f1600000,0x00000000f1600000,0x00000000f4000000)
 ParOldGen       total 143360K, used 103459K [0x00000000a0000000, 0x00000000a8c00000, 0x00000000e0000000)
  object space 143360K, 72% used [0x00000000a0000000,0x00000000a6508c88,0x00000000a8c00000)
 Metaspace       used 83523K, capacity 87022K, committed 87168K, reserved 1124352K
  class space    used 11167K, capacity 11887K, committed 11904K, reserved 1048576K
}
Event: 127.901 GC heap before
{Heap before GC invocations=21 (full 3):
 PSYoungGen      total 252928K, used 217395K [0x00000000e0000000, 0x00000000f4000000, 0x0000000100000000)
  eden space 208896K, 100% used [0x00000000e0000000,0x00000000ecc00000,0x00000000ecc00000)
  from space 44032K, 19% used [0x00000000ecc00000,0x00000000ed44cf58,0x00000000ef700000)
  to   space 43008K, 0% used [0x00000000f1600000,0x00000000f1600000,0x00000000f4000000)
 ParOldGen       total 143360K, used 103459K [0x00000000a0000000, 0x00000000a8c00000, 0x00000000e0000000)
  object space 143360K, 72% used [0x00000000a0000000,0x00000000a6508c88,0x00000000a8c00000)
 Metaspace       used 88100K, capacity 91970K, committed 92288K, reserved 1128448K
  class space    used 11569K, capacity 12349K, committed 12416K, reserved 1048576K
Event: 127.944 GC heap after
Heap after GC invocations=21 (full 3):
 PSYoungGen      total 269312K, used 16829K [0x00000000e0000000, 0x00000000f3600000, 0x0000000100000000)
  eden space 236544K, 0% used [0x00000000e0000000,0x00000000e0000000,0x00000000ee700000)
  from space 32768K, 51% used [0x00000000f1600000,0x00000000f266f438,0x00000000f3600000)
  to   space 40448K, 0% used [0x00000000ee700000,0x00000000ee700000,0x00000000f0e80000)
 ParOldGen       total 143360K, used 103467K [0x00000000a0000000, 0x00000000a8c00000, 0x00000000e0000000)
  object space 143360K, 72% used [0x00000000a0000000,0x00000000a650ac88,0x00000000a8c00000)
 Metaspace       used 88100K, capacity 91970K, committed 92288K, reserved 1128448K
  class space    used 11569K, capacity 12349K, committed 12416K, reserved 1048576K
}
Event: 273.210 GC heap before
{Heap before GC invocations=22 (full 3):
 PSYoungGen      total 269312K, used 253373K [0x00000000e0000000, 0x00000000f3600000, 0x0000000100000000)
  eden space 236544K, 100% used [0x00000000e0000000,0x00000000ee700000,0x00000000ee700000)
  from space 32768K, 51% used [0x00000000f1600000,0x00000000f266f438,0x00000000f3600000)
  to   space 40448K, 0% used [0x00000000ee700000,0x00000000ee700000,0x00000000f0e80000)
 ParOldGen       total 143360K, used 103467K [0x00000000a0000000, 0x00000000a8c00000, 0x00000000e0000000)
  object space 143360K, 72% used [0x00000000a0000000,0x00000000a650ac88,0x00000000a8c00000)
 Metaspace       used 88587K, capacity 92454K, committed 92544K, reserved 1130496K
  class space    used 11587K, capacity 12377K, committed 12416K, reserved 1048576K
Event: 273.352 GC heap after
Heap after GC invocations=22 (full 3):
 PSYoungGen      total 276992K, used 31241K [0x00000000e0000000, 0x00000000f5500000, 0x0000000100000000)
  eden space 236544K, 0% used [0x00000000e0000000,0x00000000e0000000,0x00000000ee700000)
  from space 40448K, 77% used [0x00000000ee700000,0x00000000f0582750,0x00000000f0e80000)
  to   space 43520K, 0% used [0x00000000f2a80000,0x00000000f2a80000,0x00000000f5500000)
 ParOldGen       total 143360K, used 103475K [0x00000000a0000000, 0x00000000a8c00000, 0x00000000e0000000)
  object space 143360K, 72% used [0x00000000a0000000,0x00000000a650cc88,0x00000000a8c00000)
 Metaspace       used 88587K, capacity 92454K, committed 92544K, reserved 1130496K
  class space    used 11587K, capacity 12377K, committed 12416K, reserved 1048576K
}
Event: 765.096 GC heap before
{Heap before GC invocations=23 (full 3):
 PSYoungGen      total 276992K, used 267785K [0x00000000e0000000, 0x00000000f5500000, 0x0000000100000000)
  eden space 236544K, 100% used [0x00000000e0000000,0x00000000ee700000,0x00000000ee700000)
  from space 40448K, 77% used [0x00000000ee700000,0x00000000f0582750,0x00000000f0e80000)
  to   space 43520K, 0% used [0x00000000f2a80000,0x00000000f2a80000,0x00000000f5500000)
 ParOldGen       total 143360K, used 103475K [0x00000000a0000000, 0x00000000a8c00000, 0x00000000e0000000)
  object space 143360K, 72% used [0x00000000a0000000,0x00000000a650cc88,0x00000000a8c00000)
 Metaspace       used 89262K, capacity 93432K, committed 93696K, reserved 1130496K
  class space    used 11629K, capacity 12452K, committed 12544K, reserved 1048576K
Event: 765.151 GC heap after
Heap after GC invocations=23 (full 3):
 PSYoungGen      total 294400K, used 21706K [0x00000000e0000000, 0x00000000f4e80000, 0x0000000100000000)
  eden space 257536K, 0% used [0x00000000e0000000,0x00000000e0000000,0x00000000efb80000)
  from space 36864K, 58% used [0x00000000f2a80000,0x00000000f3fb2970,0x00000000f4e80000)
  to   space 42496K, 0% used [0x00000000efb80000,0x00000000efb80000,0x00000000f2500000)
 ParOldGen       total 143360K, used 103483K [0x00000000a0000000, 0x00000000a8c00000, 0x00000000e0000000)
  object space 143360K, 72% used [0x00000000a0000000,0x00000000a650ec88,0x00000000a8c00000)
 Metaspace       used 89262K, capacity 93432K, committed 93696K, reserved 1130496K
  class space    used 11629K, capacity 12452K, committed 12544K, reserved 1048576K
}
Event: 998.093 GC heap before
{Heap before GC invocations=24 (full 3):
 PSYoungGen      total 294400K, used 279242K [0x00000000e0000000, 0x00000000f4e80000, 0x0000000100000000)
  eden space 257536K, 100% used [0x00000000e0000000,0x00000000efb80000,0x00000000efb80000)
  from space 36864K, 58% used [0x00000000f2a80000,0x00000000f3fb2970,0x00000000f4e80000)
  to   space 42496K, 0% used [0x00000000efb80000,0x00000000efb80000,0x00000000f2500000)
 ParOldGen       total 143360K, used 103483K [0x00000000a0000000, 0x00000000a8c00000, 0x00000000e0000000)
  object space 143360K, 72% used [0x00000000a0000000,0x00000000a650ec88,0x00000000a8c00000)
 Metaspace       used 89634K, capacity 93834K, committed 93952K, reserved 1130496K
  class space    used 11637K, capacity 12465K, committed 12544K, reserved 1048576K
Event: 998.361 GC heap after
Heap after GC invocations=24 (full 3):
 PSYoungGen      total 272384K, used 23680K [0x00000000e0000000, 0x00000000f4480000, 0x0000000100000000)
  eden space 248320K, 0% used [0x00000000e0000000,0x00000000e0000000,0x00000000ef280000)
  from space 24064K, 98% used [0x00000000efb80000,0x00000000f12a0168,0x00000000f1300000)
  to   space 41984K, 0% used [0x00000000f1b80000,0x00000000f1b80000,0x00000000f4480000)
 ParOldGen       total 143360K, used 103491K [0x00000000a0000000, 0x00000000a8c00000, 0x00000000e0000000)
  object space 143360K, 72% used [0x00000000a0000000,0x00000000a6510c88,0x00000000a8c00000)
 Metaspace       used 89634K, capacity 93834K, committed 93952K, reserved 1130496K
  class space    used 11637K, capacity 12465K, committed 12544K, reserved 1048576K
}

Deoptimization events (10 events):
Event: 1000.541 Thread 0x000000001ec7d000 Uncommon trap: reason=unstable_if action=reinterpret pc=0x0000000003994898 method=com.android.ide.common.resources.configuration.FolderConfiguration.getQualifierString()Ljava/lang/String; @ 94
Event: 1001.525 Thread 0x000000001ec7d000 Uncommon trap: reason=bimorphic action=maybe_recompile pc=0x0000000003f57a58 method=com.sun.org.apache.xerces.internal.dom.CoreDocumentImpl.isKidOK(Lorg/w3c/dom/Node;Lorg/w3c/dom/Node;)Z @ 39
Event: 1001.550 Thread 0x000000001ec7d000 Uncommon trap: reason=null_check action=make_not_entrant pc=0x0000000003f7a49c method=com.android.ide.common.resources.NodeUtils.processSingleNodeNamespace(Lorg/w3c/dom/Node;Lorg/w3c/dom/Document;)Z @ 8
Event: 1001.655 Thread 0x000000001ec7d000 Uncommon trap: reason=bimorphic action=maybe_recompile pc=0x0000000002bdfee8 method=java.io.Writer.append(Ljava/lang/CharSequence;)Ljava/io/Writer; @ 20
Event: 1002.471 Thread 0x000000001ec7d000 Uncommon trap: reason=class_check action=maybe_recompile pc=0x0000000003106fd8 method=org.gradle.internal.resources.DefaultResourceLockCoordinationService$DefaultResourceLockState.releaseLocks()V @ 37
Event: 1002.528 Thread 0x000000001ec7d000 Uncommon trap: reason=class_check action=maybe_recompile pc=0x0000000003106fd8 method=org.gradle.internal.resources.DefaultResourceLockCoordinationService$DefaultResourceLockState.releaseLocks()V @ 37
Event: 1006.924 Thread 0x000000001d934800 Uncommon trap: reason=array_check action=maybe_recompile pc=0x00000000040f6c98 method=com.google.common.collect.RegularImmutableMap.fromEntryArray(I[Ljava/util/Map$Entry;)Lcom/google/common/collect/ImmutableMap; @ 157
Event: 1007.093 Thread 0x000000001d934800 Uncommon trap: reason=bimorphic action=maybe_recompile pc=0x0000000003e04bc0 method=com.google.common.collect.AbstractIndexedListIterator.next()Ljava/lang/Object; @ 27
Event: 1007.093 Thread 0x000000001d934800 Uncommon trap: reason=bimorphic action=maybe_recompile pc=0x0000000003e04bc0 method=com.google.common.collect.AbstractIndexedListIterator.next()Ljava/lang/Object; @ 27
Event: 1007.111 Thread 0x000000001d934800 Uncommon trap: reason=unstable_if action=reinterpret pc=0x000000000332e8cc method=java.util.TimSort.mergeHi(IIII)V @ 503

Classes redefined (0 events):
No events

Internal exceptions (10 events):
Event: 766.757 Thread 0x000000001ec80800 Exception <a 'sun/nio/fs/WindowsException'> (0x00000000e6dc3b48) thrown at [D:\src\AOSP-openjdk-cygwin\jdk8u\hotspot\src\share\vm\prims\jni.cpp, line 710]
Event: 766.771 Thread 0x000000001ec80800 Exception <a 'sun/nio/fs/WindowsException'> (0x00000000e6e8a448) thrown at [D:\src\AOSP-openjdk-cygwin\jdk8u\hotspot\src\share\vm\prims\jni.cpp, line 710]
Event: 766.916 Thread 0x000000001d98a800 Exception <a 'sun/nio/fs/WindowsException'> (0x00000000e791d0e0) thrown at [D:\src\AOSP-openjdk-cygwin\jdk8u\hotspot\src\share\vm\prims\jni.cpp, line 710]
Event: 767.200 Thread 0x0000000018b65000 Exception <a 'sun/nio/fs/WindowsException'> (0x00000000e9337bd8) thrown at [D:\src\AOSP-openjdk-cygwin\jdk8u\hotspot\src\share\vm\prims\jni.cpp, line 710]
Event: 767.544 Thread 0x000000001d931800 Exception <a 'sun/nio/fs/WindowsException'> (0x00000000e99643d8) thrown at [D:\src\AOSP-openjdk-cygwin\jdk8u\hotspot\src\share\vm\prims\jni.cpp, line 710]
Event: 998.921 Thread 0x000000001ec7d000 Implicit null exception at 0x0000000003ea86ea to 0x0000000003ea8b0d
Event: 1000.541 Thread 0x000000001ec7d000 Implicit null exception at 0x00000000039942b4 to 0x000000000399488c
Event: 1001.550 Thread 0x000000001ec7d000 Implicit null exception at 0x0000000003f7919b to 0x0000000003f7a48d
Event: 1007.092 Thread 0x000000001d934800 Exception <a 'sun/nio/fs/WindowsException'> (0x00000000e9392c00) thrown at [D:\src\AOSP-openjdk-cygwin\jdk8u\hotspot\src\share\vm\prims\jni.cpp, line 710]
Event: 1007.092 Thread 0x000000001d934800 Exception <a 'sun/nio/fs/WindowsException'> (0x00000000e93930a8) thrown at [D:\src\AOSP-openjdk-cygwin\jdk8u\hotspot\src\share\vm\prims\jni.cpp, line 710]

Events (10 events):
Event: 1007.111 Thread 0x000000001d934800 DEOPT PACKING pc=0x000000000332e8cc sp=0x00000000349bde90
Event: 1007.111 Thread 0x000000001d934800 DEOPT UNPACKING pc=0x000000000274557b sp=0x00000000349bde78 mode 2
Event: 1007.142 Thread 0x000000001d934800 DEOPT PACKING pc=0x0000000005d7e786 sp=0x00000000349bde20
Event: 1007.142 Thread 0x000000001d934800 DEOPT UNPACKING pc=0x00000000027475d0 sp=0x00000000349bdb98 mode 0
Event: 1007.177 Thread 0x000000001d934800 DEOPT PACKING pc=0x0000000005d7e786 sp=0x00000000349bde20
Event: 1007.177 Thread 0x000000001d934800 DEOPT UNPACKING pc=0x00000000027475d0 sp=0x00000000349bdb98 mode 0
Event: 1007.416 Executing VM operation: RevokeBias
Event: 1007.418 Executing VM operation: RevokeBias done
Event: 1007.461 Thread 0x000000001d934000 DEOPT PACKING pc=0x0000000002b4d58d sp=0x00000000348beb00
Event: 1007.461 Thread 0x000000001d934000 DEOPT UNPACKING pc=0x00000000027475d0 sp=0x00000000348be848 mode 0


Dynamic libraries:
0x00007ff694d50000 - 0x00007ff694d81000 	C:\Program Files\Android\Android Studio\jre\bin\java.exe
0x00007ffaafdd0000 - 0x00007ffaaffb1000 	C:\WINDOWS\SYSTEM32\ntdll.dll
0x00007ffaaf950000 - 0x00007ffaafa01000 	C:\WINDOWS\System32\KERNEL32.DLL
0x00007ffaac4f0000 - 0x00007ffaac763000 	C:\WINDOWS\System32\KERNELBASE.dll
0x00007ffaaf840000 - 0x00007ffaaf8e1000 	C:\WINDOWS\System32\ADVAPI32.dll
0x00007ffaaf490000 - 0x00007ffaaf52e000 	C:\WINDOWS\System32\msvcrt.dll
0x00007ffaad600000 - 0x00007ffaad65b000 	C:\WINDOWS\System32\sechost.dll
0x00007ffaad260000 - 0x00007ffaad384000 	C:\WINDOWS\System32\RPCRT4.dll
0x00007ffaade80000 - 0x00007ffaae010000 	C:\WINDOWS\System32\USER32.dll
0x00007ffaac870000 - 0x00007ffaac890000 	C:\WINDOWS\System32\win32u.dll
0x00007ffaaf450000 - 0x00007ffaaf478000 	C:\WINDOWS\System32\GDI32.dll
0x00007ffaac2b0000 - 0x00007ffaac441000 	C:\WINDOWS\System32\gdi32full.dll
0x00007ffaac450000 - 0x00007ffaac4ef000 	C:\WINDOWS\System32\msvcp_win.dll
0x00007ffaac770000 - 0x00007ffaac868000 	C:\WINDOWS\System32\ucrtbase.dll
0x00007ffa9d760000 - 0x00007ffa9d9c9000 	C:\WINDOWS\WinSxS\amd64_microsoft.windows.common-controls_6595b64144ccf1df_6.0.17134.950_none_fb3da4273069d3e0\COMCTL32.dll
0x00007ffaafa70000 - 0x00007ffaafd92000 	C:\WINDOWS\System32\combase.dll
0x00007ffaad1e0000 - 0x00007ffaad259000 	C:\WINDOWS\System32\bcryptPrimitives.dll
0x00007ffaad5d0000 - 0x00007ffaad5fd000 	C:\WINDOWS\System32\IMM32.DLL
0x0000000055ae0000 - 0x0000000055bb2000 	C:\Program Files\Android\Android Studio\jre\jre\bin\msvcr100.dll
0x0000000055bc0000 - 0x0000000056406000 	C:\Program Files\Android\Android Studio\jre\jre\bin\server\jvm.dll
0x00007ffaadbb0000 - 0x00007ffaadbb8000 	C:\WINDOWS\System32\PSAPI.DLL
0x00007ffa9cbf0000 - 0x00007ffa9cbfa000 	C:\WINDOWS\SYSTEM32\VERSION.dll
0x00007ffaaab90000 - 0x00007ffaaab99000 	C:\WINDOWS\SYSTEM32\WSOCK32.dll
0x00007ffaa8bc0000 - 0x00007ffaa8be3000 	C:\WINDOWS\SYSTEM32\WINMM.dll
0x00007ffaa8b90000 - 0x00007ffaa8bba000 	C:\WINDOWS\SYSTEM32\winmmbase.dll
0x00007ffaade10000 - 0x00007ffaade7c000 	C:\WINDOWS\System32\WS2_32.dll
0x00007ffaaca80000 - 0x00007ffaacac9000 	C:\WINDOWS\System32\cfgmgr32.dll
0x00007ffa99290000 - 0x00007ffa9929f000 	C:\Program Files\Android\Android Studio\jre\jre\bin\verify.dll
0x00007ffa7dfe0000 - 0x00007ffa7e009000 	C:\Program Files\Android\Android Studio\jre\jre\bin\java.dll
0x00007ffa87d70000 - 0x00007ffa87d86000 	C:\Program Files\Android\Android Studio\jre\jre\bin\zip.dll
0x00007ffaae010000 - 0x00007ffaaf450000 	C:\WINDOWS\System32\SHELL32.dll
0x00007ffaad500000 - 0x00007ffaad5a9000 	C:\WINDOWS\System32\shcore.dll
0x00007ffaacad0000 - 0x00007ffaad1dd000 	C:\WINDOWS\System32\windows.storage.dll
0x00007ffaafa10000 - 0x00007ffaafa61000 	C:\WINDOWS\System32\shlwapi.dll
0x00007ffaac110000 - 0x00007ffaac121000 	C:\WINDOWS\System32\kernel.appcore.dll
0x00007ffaac130000 - 0x00007ffaac14f000 	C:\WINDOWS\System32\profapi.dll
0x00007ffaac150000 - 0x00007ffaac19c000 	C:\WINDOWS\System32\powrprof.dll
0x00007ffaac100000 - 0x00007ffaac10a000 	C:\WINDOWS\System32\FLTLIB.DLL
0x00007ffa87530000 - 0x00007ffa8754a000 	C:\Program Files\Android\Android Studio\jre\jre\bin\net.dll
0x00007ffaa1220000 - 0x00007ffaa13e9000 	C:\WINDOWS\SYSTEM32\urlmon.dll
0x00007ffa9f290000 - 0x00007ffa9f536000 	C:\WINDOWS\SYSTEM32\iertutil.dll
0x00007ffaabad0000 - 0x00007ffaabadb000 	C:\WINDOWS\SYSTEM32\CRYPTBASE.DLL
0x00007ffaab900000 - 0x00007ffaab966000 	C:\WINDOWS\system32\mswsock.dll
0x00007ffa86a10000 - 0x00007ffa86a23000 	C:\Program Files\Android\Android Studio\jre\jre\bin\nio.dll
0x00007ffaa8450000 - 0x00007ffaa8476000 	C:\Users\Harsha\.gradle\native\30\windows-amd64\native-platform.dll
0x00007ffa970e0000 - 0x00007ffa970ed000 	C:\Program Files\Android\Android Studio\jre\jre\bin\management.dll
0x00007ffaabab0000 - 0x00007ffaabac7000 	C:\WINDOWS\SYSTEM32\CRYPTSP.dll
0x00007ffaab4b0000 - 0x00007ffaab4e3000 	C:\WINDOWS\system32\rsaenh.dll
0x00007ffaabbe0000 - 0x00007ffaabc05000 	C:\WINDOWS\SYSTEM32\bcrypt.dll
0x00007ffaac010000 - 0x00007ffaac038000 	C:\WINDOWS\SYSTEM32\USERENV.dll
0x00007ffaab650000 - 0x00007ffaab688000 	C:\WINDOWS\SYSTEM32\IPHLPAPI.DLL
0x00007ffaaf480000 - 0x00007ffaaf488000 	C:\WINDOWS\System32\NSI.dll
0x00007ffaa21f0000 - 0x00007ffaa2206000 	C:\WINDOWS\SYSTEM32\dhcpcsvc6.DLL
0x00007ffaa2190000 - 0x00007ffaa21aa000 	C:\WINDOWS\SYSTEM32\dhcpcsvc.DLL

VM Arguments:
jvm_args: -Xmx1536m -Dfile.encoding=windows-1252 -Duser.country=IN -Duser.language=en -Duser.variant 
java_command: org.gradle.launcher.daemon.bootstrap.GradleDaemon 5.6.4
java_class_path (initial): C:\Users\Harsha\.gradle\wrapper\dists\gradle-5.6.4-all\ankdp27end7byghfw1q2sw75f\gradle-5.6.4\lib\gradle-launcher-5.6.4.jar
Launcher Type: SUN_STANDARD

Environment Variables:
JAVA_HOME=C:\Program Files\Java\jdk1.8.0_102
PATH=C:\Program Files (x86)\Intel\iCLS Client\;C:\oraclexe\app\oracle\product\11.2.0\server\bin;C:\Program Files\Intel\iCLS Client\;C:\WINDOWS\system32;C:\WINDOWS;C:\WINDOWS\System32\Wbem;C:\WINDOWS\System32\WindowsPowerShell\v1.0\;C:\Program Files (x86)\Intel\Intel(R) Management Engine Components\DAL;C:\Program Files\Intel\Intel(R) Management Engine Components\DAL;C:\Program Files (x86)\Intel\Intel(R) Management Engine Components\IPT;C:\Program Files\Intel\Intel(R) Management Engine Components\IPT;C:\Program Files\Intel\IntelSGXPSW\bin\x64\Release\;C:\Program Files\Intel\IntelSGXPSW\bin\win32\Release\;C:\Program Files\Hewlett-Packard\SimplePass\;C:\Program Files\Java\jdk1.8.0_102\ bin;E:\softwares\apache-maven-3.3.9\bin;C:\Python36\;C:\Program Files (x86)\Brackets\command;C:\Program Files (x86)\Skype\Phone\;C:\Program Files\Git\cmd;C:\Program Files\Microsoft VS Code\bin;C:\Android;C:\Windows\System32;C:\WINDOWS\System32\OpenSSH\;C:\Program Files\Intel\WiFi\bin\;C:\Program Files\Common Files\Intel\WirelessCommon\;C:\Program Files\nodejs\;C:\Program Files\Microsoft SQL Server\Client SDK\ODBC\130\Tools\Binn\;C:\Program Files (x86)\Microsoft SQL Server\140\Tools\Binn\;C:\Program Files\Microsoft SQL Server\140\Tools\Binn\;C:\Program Files\Microsoft SQL Server\140\DTS\Binn\;C:\Program Files\dotnet\;C:\Program Files\Microsoft SQL Server\130\Tools\Binn\;C:\Program Files\Microsoft SQL Server\Client SDK\ODBC\170\Tools\Binn\;C:\xampp\php;C:\ProgramData\ComposerSetup\bin;C:\Program Files\Java\jdk1.8.0_102\bin;C:\Users\Harsha\AppData\Local\Microsoft\WindowsApps;C:\ProgramData\Harsha\atom\bin;C:\Users\Harsha\AppData\Local\atom\bin;C:\Users\Harsha\AppData\Local\Microsoft\WindowsApps;C:\Users\Harsha\AppData\Roaming\npm;C:\Program Files\heroku\bin;C:\Users\Harsha\AppData\Roaming\Composer\vendor\bin;%DASHLANE_DLL_DIR%;C:\Program Files\Docker Toolbox;C:\Users\Harsha\AppData\Local\Programs\Microsoft VS Code\bin
USERNAME=Harsha
OS=Windows_NT
PROCESSOR_IDENTIFIER=Intel64 Family 6 Model 78 Stepping 3, GenuineIntel



---------------  S Y S T E M  ---------------

OS: Windows 10.0 , 64 bit Build 17134 (10.0.17134.753)

CPU:total 4 (initial active 4) (2 cores per cpu, 2 threads per core) family 6 model 78 stepping 3, cmov, cx8, fxsr, mmx, sse, sse2, sse3, ssse3, sse4.1, sse4.2, popcnt, avx, avx2, aes, clmul, erms, 3dnowpref, lzcnt, ht, tsc, tscinvbit, bmi1, bmi2, adx

Memory: 4k page, physical 8284576k(341756k free), swap 11196972k(6256k free)

vm_info: OpenJDK 64-Bit Server VM (25.212-b04) for windows-amd64 JRE (1.8.0_212-release-1586-b04), built by "builder" with MS VC++ 10.0 (VS2010)

time: Thu Apr 16 17:10:56 2020
timezone: Eastern Daylight Time
elapsed time: 1007 seconds (0d 0h 16m 47s)

